Traceback (most recent call last):
  File "/usr/share/miniconda/envs/test/lib/python3.10/site-packages/jupyter_cache/executors/utils.py", line 58, in single_nb_execution
    executenb(
  File "/usr/share/miniconda/envs/test/lib/python3.10/site-packages/nbclient/client.py", line 1305, in execute
    return NotebookClient(nb=nb, resources=resources, km=km, **kwargs).execute()
  File "/usr/share/miniconda/envs/test/lib/python3.10/site-packages/jupyter_core/utils/__init__.py", line 173, in wrapped
    return loop.run_until_complete(inner)
  File "/usr/share/miniconda/envs/test/lib/python3.10/asyncio/base_events.py", line 649, in run_until_complete
    return future.result()
  File "/usr/share/miniconda/envs/test/lib/python3.10/site-packages/nbclient/client.py", line 705, in async_execute
    await self.async_execute_cell(
  File "/usr/share/miniconda/envs/test/lib/python3.10/site-packages/nbclient/client.py", line 1058, in async_execute_cell
    await self._check_raise_for_error(cell, cell_index, exec_reply)
  File "/usr/share/miniconda/envs/test/lib/python3.10/site-packages/nbclient/client.py", line 914, in _check_raise_for_error
    raise CellExecutionError.from_cell_and_msg(cell, exec_reply_content)
nbclient.exceptions.CellExecutionError: An error occurred while executing the following cell:
------------------
m = plot_routes_folium(results, value_fn=lambda r: r["traversal_summary"]["vehicle"]["energy"], color_map="plasma")
m
------------------


[0;31m---------------------------------------------------------------------------[0m
[0;31mKeyError[0m                                  Traceback (most recent call last)
Cell [0;32mIn[14], line 1[0m
[0;32m----> 1[0m m [38;5;241m=[39m [43mplot_routes_folium[49m[43m([49m[43mresults[49m[43m,[49m[43m [49m[43mvalue_fn[49m[38;5;241;43m=[39;49m[38;5;28;43;01mlambda[39;49;00m[43m [49m[43mr[49m[43m:[49m[43m [49m[43mr[49m[43m[[49m[38;5;124;43m"[39;49m[38;5;124;43mtraversal_summary[39;49m[38;5;124;43m"[39;49m[43m][49m[43m[[49m[38;5;124;43m"[39;49m[38;5;124;43mvehicle[39;49m[38;5;124;43m"[39;49m[43m][49m[43m[[49m[38;5;124;43m"[39;49m[38;5;124;43menergy[39;49m[38;5;124;43m"[39;49m[43m][49m[43m,[49m[43m [49m[43mcolor_map[49m[38;5;241;43m=[39;49m[38;5;124;43m"[39;49m[38;5;124;43mplasma[39;49m[38;5;124;43m"[39;49m[43m)[49m
[1;32m      2[0m m

File [0;32m/usr/share/miniconda/envs/test/lib/python3.10/site-packages/nrel/routee/compass/plot/plot_folium.py:151[0m, in [0;36mplot_routes_folium[0;34m(results, value_fn, color_map)[0m
[1;32m    148[0m [38;5;28;01mif[39;00m [38;5;28misinstance[39m(results, [38;5;28mdict[39m):
[1;32m    149[0m     results [38;5;241m=[39m [results]
[0;32m--> 151[0m values [38;5;241m=[39m [value_fn(result) [38;5;28;01mfor[39;00m result [38;5;129;01min[39;00m results]
[1;32m    153[0m cmap [38;5;241m=[39m plt[38;5;241m.[39mget_cmap(color_map)
[1;32m    154[0m [38;5;28;01mif[39;00m [38;5;28mall[39m([38;5;28misinstance[39m(v, [38;5;28mfloat[39m) [38;5;129;01mor[39;00m [38;5;28misinstance[39m(v, [38;5;28mint[39m) [38;5;28;01mfor[39;00m v [38;5;129;01min[39;00m values):

File [0;32m/usr/share/miniconda/envs/test/lib/python3.10/site-packages/nrel/routee/compass/plot/plot_folium.py:151[0m, in [0;36m<listcomp>[0;34m(.0)[0m
[1;32m    148[0m [38;5;28;01mif[39;00m [38;5;28misinstance[39m(results, [38;5;28mdict[39m):
[1;32m    149[0m     results [38;5;241m=[39m [results]
[0;32m--> 151[0m values [38;5;241m=[39m [[43mvalue_fn[49m[43m([49m[43mresult[49m[43m)[49m [38;5;28;01mfor[39;00m result [38;5;129;01min[39;00m results]
[1;32m    153[0m cmap [38;5;241m=[39m plt[38;5;241m.[39mget_cmap(color_map)
[1;32m    154[0m [38;5;28;01mif[39;00m [38;5;28mall[39m([38;5;28misinstance[39m(v, [38;5;28mfloat[39m) [38;5;129;01mor[39;00m [38;5;28misinstance[39m(v, [38;5;28mint[39m) [38;5;28;01mfor[39;00m v [38;5;129;01min[39;00m values):

Cell [0;32mIn[14], line 1[0m, in [0;36m<lambda>[0;34m(r)[0m
[0;32m----> 1[0m m [38;5;241m=[39m plot_routes_folium(results, value_fn[38;5;241m=[39m[38;5;28;01mlambda[39;00m r: [43mr[49m[43m[[49m[38;5;124;43m"[39;49m[38;5;124;43mtraversal_summary[39;49m[38;5;124;43m"[39;49m[43m][49m[43m[[49m[38;5;124;43m"[39;49m[38;5;124;43mvehicle[39;49m[38;5;124;43m"[39;49m[43m][49m[[38;5;124m"[39m[38;5;124menergy[39m[38;5;124m"[39m], color_map[38;5;241m=[39m[38;5;124m"[39m[38;5;124mplasma[39m[38;5;124m"[39m)
[1;32m      2[0m m

[0;31mKeyError[0m: 'vehicle'

